This is pdfTeX, Version 3.14159265-2.6-1.40.16 (MiKTeX 2.9) (preloaded format=pdflatex 2016.3.28)  9 JUL 2016 18:44
entering extended mode
**C:/Users/Saif/Desktop/MS-THESIS/MSTHESISSAIF/latex-thesistemplate/thesis.tex
(C:/Users/Saif/Desktop/MS-THESIS/MSTHESISSAIF/latex-thesistemplate/thesis.tex
LaTeX2e <2015/10/01> patch level 2
Babel <3.9n> and hyphenation patterns for 69 languages loaded.
(C:\Users\Saif\Desktop\software\miktex\tex\latex\base\report.cls
Document Class: report 2014/09/29 v1.4h Standard LaTeX document class
(C:\Users\Saif\Desktop\software\miktex\tex\latex\base\size12.clo
File: size12.clo 2014/09/29 v1.4h Standard LaTeX file (size option)
)
\c@part=\count79
\c@chapter=\count80
\c@section=\count81
\c@subsection=\count82
\c@subsubsection=\count83
\c@paragraph=\count84
\c@subparagraph=\count85
\c@figure=\count86
\c@table=\count87
\abovecaptionskip=\skip41
\belowcaptionskip=\skip42
\bibindent=\dimen102
)
(utepcsthesis.sty
\c@definition=\count88
\c@theorem=\count89
\c@corollary=\count90
)
(C:\Users\Saif\Desktop\software\miktex\tex\latex\graphics\graphics.sty
Package: graphics 2014/10/28 v1.0p Standard LaTeX Graphics (DPC,SPQR)

(C:\Users\Saif\Desktop\software\miktex\tex\latex\graphics\trig.sty
Package: trig 1999/03/16 v1.09 sin cos tan (DPC)
)
(C:\Users\Saif\Desktop\software\miktex\tex\latex\00miktex\graphics.cfg
File: graphics.cfg 2007/01/18 v1.5 graphics configuration of teTeX/TeXLive
)
Package graphics Info: Driver file: pdftex.def on input line 94.

(C:\Users\Saif\Desktop\software\miktex\tex\latex\pdftex-def\pdftex.def
File: pdftex.def 2011/05/27 v0.06d Graphics/color for pdfTeX

(C:\Users\Saif\Desktop\software\miktex\tex\generic\oberdiek\infwarerr.sty
Package: infwarerr 2010/04/08 v1.3 Providing info/warning/error messages (HO)
)
(C:\Users\Saif\Desktop\software\miktex\tex\generic\oberdiek\ltxcmds.sty
Package: ltxcmds 2011/11/09 v1.22 LaTeX kernel commands for general use (HO)
)
\Gread@gobject=\count91
))
(C:\Users\Saif\Desktop\software\miktex\tex\latex\graphics\graphicx.sty
Package: graphicx 2014/10/28 v1.0g Enhanced LaTeX Graphics (DPC,SPQR)

(C:\Users\Saif\Desktop\software\miktex\tex\latex\graphics\keyval.sty
Package: keyval 2014/10/28 v1.15 key=value parser (DPC)
\KV@toks@=\toks14
)
\Gin@req@height=\dimen103
\Gin@req@width=\dimen104
)
(C:\Users\Saif\Desktop\software\miktex\tex\latex\algorithms\algorithm.sty
Package: algorithm 2009/08/24 v0.1 Document Style `algorithm' - floating enviro
nment

(C:\Users\Saif\Desktop\software\miktex\tex\latex\float\float.sty
Package: float 2001/11/08 v1.3d Float enhancements (AL)
\c@float@type=\count92
\float@exts=\toks15
\float@box=\box26
\@float@everytoks=\toks16
\@floatcapt=\box27
)
(C:\Users\Saif\Desktop\software\miktex\tex\latex\base\ifthen.sty
Package: ifthen 2014/09/29 v1.1c Standard LaTeX ifthen package (DPC)
)
\@float@every@algorithm=\toks17
\c@algorithm=\count93
)
(C:\Users\Saif\Desktop\software\miktex\tex\latex\algorithms\algorithmic.sty
Package: algorithmic 2009/08/24 v0.1 Document Style `algorithmic'
\c@ALC@unique=\count94
\c@ALC@line=\count95
\c@ALC@rem=\count96
\c@ALC@depth=\count97
\ALC@tlm=\skip43
\algorithmicindent=\skip44
)
(thesis.aux (abstract.aux) (null.aux) (chapter2.aux) (chapter3.aux)
(chapter4.aux) (chapter5.aux))
\openout1 = `thesis.aux'.

LaTeX Font Info:    Checking defaults for OML/cmm/m/it on input line 11.
LaTeX Font Info:    ... okay on input line 11.
LaTeX Font Info:    Checking defaults for T1/cmr/m/n on input line 11.
LaTeX Font Info:    ... okay on input line 11.
LaTeX Font Info:    Checking defaults for OT1/cmr/m/n on input line 11.
LaTeX Font Info:    ... okay on input line 11.
LaTeX Font Info:    Checking defaults for OMS/cmsy/m/n on input line 11.
LaTeX Font Info:    ... okay on input line 11.
LaTeX Font Info:    Checking defaults for OMX/cmex/m/n on input line 11.
LaTeX Font Info:    ... okay on input line 11.
LaTeX Font Info:    Checking defaults for U/cmr/m/n on input line 11.
LaTeX Font Info:    ... okay on input line 11.

(C:\Users\Saif\Desktop\software\miktex\tex\context\base\supp-pdf.mkii
[Loading MPS to PDF converter (version 2006.09.02).]
\scratchcounter=\count98
\scratchdimen=\dimen105
\scratchbox=\box28
\nofMPsegments=\count99
\nofMParguments=\count100
\everyMPshowfont=\toks18
\MPscratchCnt=\count101
\MPscratchDim=\dimen106
\MPnumerator=\count102
\makeMPintoPDFobject=\count103
\everyMPtoPDFconversion=\toks19
)
Underfull \hbox (badness 10000) in paragraph at lines 52--52

 []

LaTeX Font Info:    External font `cmex10' loaded for size
(Font)              <12> on input line 52.
LaTeX Font Info:    External font `cmex10' loaded for size
(Font)              <8> on input line 52.
LaTeX Font Info:    External font `cmex10' loaded for size
(Font)              <6> on input line 52.

Underfull \hbox (badness 10000) in paragraph at lines 52--52

 []


Underfull \hbox (badness 10000) in paragraph at lines 52--52

 []


Underfull \hbox (badness 10000) in paragraph at lines 52--52

 []

[1

{C:/Users/Saif/Desktop/software/miktex/pdftex/config/pdftex.map}]
LaTeX Font Info:    Try loading font information for OMS+cmr on input line 56.

(C:\Users\Saif\Desktop\software\miktex\tex\latex\base\omscmr.fd
File: omscmr.fd 2014/09/29 v2.5h Standard LaTeX font definitions
)
LaTeX Font Info:    Font shape `OMS/cmr/m/n' in size <12> not available
(Font)              Font shape `OMS/cmsy/m/n' tried instead on input line 56.
 [2] [3]
\openout2 = `abstract.aux'.


(abstract.tex) [4


] (thesis.toc)
\tf@toc=\write3
\openout3 = `thesis.toc'.

 [5


] (thesis.lof)
\tf@lof=\write4
\openout4 = `thesis.lof'.

 [6

]
\openout2 = `null.aux'.


(C:\Users\Saif\Desktop\software\miktex\tex\generic\misc\null.tex)
\openout2 = `chapter2.aux'.

 (chapter2.tex
Chapter 1.

Overfull \hbox (2.24815pt too wide) in paragraph at lines 7--7
[]\OT1/cmr/bx/n/17.28 Traditional Elec-tric-ity Dis-tri-bu-tion and Con-sump-
 []

[1




] [2] [3] <simulation-environment.png, id=34, 682.04813pt x 253.69781pt>
File: simulation-environment.png Graphic file (type png)

<use simulation-environment.png>
Package pdftex.def Info: simulation-environment.png used on input line 76.
(pdftex.def)             Requested size: 462.52756pt x 172.04768pt.
 [4 <./simulation-environment.png>]) [5]
\openout2 = `chapter3.aux'.


(chapter3.tex
Chapter 2.

Overfull \hbox (29.40623pt too wide) in paragraph at lines 16--16
[]\OT1/cmr/bx/n/17.28 Electricity Load Fore-cast-ing Us-ing Sta-tis-ti-cal Meth
od 
 []

[6



] [7]
Underfull \hbox (badness 10000) in paragraph at lines 34--35

 []

) [8]
\openout2 = `chapter4.aux'.

 (chapter4.tex
Chapter 3.
[9



] <daily1.png, id=56, 463.7325pt x 180.675pt>
File: daily1.png Graphic file (type png)
 <use daily1.png>
Package pdftex.def Info: daily1.png used on input line 50.
(pdftex.def)             Requested size: 463.73135pt x 180.67455pt.

Overfull \hbox (1.2038pt too wide) in paragraph at lines 50--51
 [][] 
 []

<daily2.png, id=57, 456.20438pt x 182.18062pt>
File: daily2.png Graphic file (type png)
 <use daily2.png>
Package pdftex.def Info: daily2.png used on input line 53.
(pdftex.def)             Requested size: 456.20325pt x 182.18016pt.

<daily3.png, id=58, 459.21562pt x 177.66376pt>
File: daily3.png Graphic file (type png)
 <use daily3.png>
Package pdftex.def Info: daily3.png used on input line 56.
(pdftex.def)             Requested size: 459.2145pt x 177.66331pt.


LaTeX Warning: `!h' float specifier changed to `!ht'.

<weekly1.png, id=59, 411.03563pt x 200.24812pt>
File: weekly1.png Graphic file (type png)
 <use weekly1.png>
Package pdftex.def Info: weekly1.png used on input line 63.
(pdftex.def)             Requested size: 411.03462pt x 200.24763pt.

<weekly2.png, id=60, 411.03563pt x 200.24812pt>
File: weekly2.png Graphic file (type png)
 <use weekly2.png>
Package pdftex.def Info: weekly2.png used on input line 66.
(pdftex.def)             Requested size: 411.03462pt x 200.24763pt.

<weekly3.png, id=61, 411.03563pt x 200.24812pt>
File: weekly3.png Graphic file (type png)
 <use weekly3.png>
Package pdftex.def Info: weekly3.png used on input line 69.
(pdftex.def)             Requested size: 411.03462pt x 200.24763pt.


LaTeX Warning: Float too large for page by 40.0403pt on input line 72.


LaTeX Warning: `!h' float specifier changed to `!ht'.

<4-customer-vs-powertype.jpg, id=62, 280.04625pt x 196.48407pt>
File: 4-customer-vs-powertype.jpg Graphic file (type jpg)

<use 4-customer-vs-powertype.jpg>
Package pdftex.def Info: 4-customer-vs-powertype.jpg used on input line 95.
(pdftex.def)             Requested size: 231.26378pt x 162.26324pt.

Overfull \hbox (130.08621pt too wide) in paragraph at lines 96--96
 [] 
 []

<2-population-vs-powertype.jpg, id=63, 243.91125pt x 215.30438pt>
File: 2-population-vs-powertype.jpg Graphic file (type jpg)

<use 2-population-vs-powertype.jpg>
Package pdftex.def Info: 2-population-vs-powertype.jpg used on input line 101.
(pdftex.def)             Requested size: 231.26378pt x 204.14375pt.

<3-energy-vs-powertype.png, id=64, 249.93375pt x 210.03468pt>
File: 3-energy-vs-powertype.png Graphic file (type png)

<use 3-energy-vs-powertype.png>
Package pdftex.def Info: 3-energy-vs-powertype.png used on input line 108.
(pdftex.def)             Requested size: 231.26378pt x 194.35274pt.

<pie-energy-share.png, id=65, 319.1925pt x 271.0125pt>
File: pie-energy-share.png Graphic file (type png)

<use pie-energy-share.png>
Package pdftex.def Info: pie-energy-share.png used on input line 113.
(pdftex.def)             Requested size: 231.26378pt x 196.35703pt.

Overfull \hbox (130.08621pt too wide) in paragraph at lines 114--114
 [] 
 []

) [10]

LaTeX Warning: Text page 11 contains only floats.


Overfull \vbox (7.81541pt too high) has occurred while \output is active []


[11 <./daily1.png (PNG copy)> <./daily2.png (PNG copy)> <./daily3.png (PNG copy
)>] [12 <./weekly1.png (PNG copy)> <./weekly2.png (PNG copy)> <./weekly3.png (P
NG copy)>] [13 <./4-customer-vs-powertype.jpg (PNG copy)> <./2-population-vs-po
wertype.jpg (PNG copy)> <./3-energy-vs-powertype.png (PNG copy)> <./pie-energy-
share.png (PNG copy)>]
\openout2 = `chapter5.aux'.

 (chapter5.tex
Chapter 4.
[14



]

LaTeX Warning: `!h' float specifier changed to `!ht'.


LaTeX Warning: `!h' float specifier changed to `!ht'.

[15]

LaTeX Warning: `!h' float specifier changed to `!ht'.


LaTeX Warning: `!h' float specifier changed to `!ht'.

[16]

LaTeX Warning: `!h' float specifier changed to `!ht'.

[17] <diff-szied-kmeansAbsErroPercent.png, id=94, 344.78813pt x 213.79875pt>
File: diff-szied-kmeansAbsErroPercent.png Graphic file (type png)

<use diff-szied-kmeansAbsErroPercent.png>
Package pdftex.def Info: diff-szied-kmeansAbsErroPercent.png used on input line
 222.
(pdftex.def)             Requested size: 231.26378pt x 143.40427pt.

Overfull \hbox (130.08621pt too wide) in paragraph at lines 223--223
 [] 
 []


<diff-szied-kmeansRelativeAbsErroPercent.png, id=95, 344.78813pt x 213.79875pt>
File: diff-szied-kmeansRelativeAbsErroPercent.png Graphic file (type png)
<use diff-szied-kmeansRelativeAbsErroPercent.png>
Package pdftex.def Info: diff-szied-kmeansRelativeAbsErroPercent.png used on in
put line 228.
(pdftex.def)             Requested size: 231.26378pt x 143.40427pt.

Overfull \hbox (130.08621pt too wide) in paragraph at lines 229--229
 [] 
 []


LaTeX Warning: `!h' float specifier changed to `!ht'.

[18] <cluster-0-diff-classifier-avg-abs.png, id=99, 334.24875pt x 209.28188pt>
File: cluster-0-diff-classifier-avg-abs.png Graphic file (type png)

<use cluster-0-diff-classifier-avg-abs.png>
Package pdftex.def Info: cluster-0-diff-classifier-avg-abs.png used on input li
ne 292.
(pdftex.def)             Requested size: 231.26378pt x 144.8038pt.

Overfull \hbox (130.08621pt too wide) in paragraph at lines 293--293
 [] 
 []


<cluster-0-diff-classifier-relative-abs.png, id=100, 324.46219pt x 238.64156pt>
File: cluster-0-diff-classifier-relative-abs.png Graphic file (type png)
<use cluster-0-diff-classifier-relative-abs.png>
Package pdftex.def Info: cluster-0-diff-classifier-relative-abs.png used on inp
ut line 298.
(pdftex.def)             Requested size: 231.26378pt x 170.09576pt.

Overfull \hbox (130.08621pt too wide) in paragraph at lines 299--299
 [] 
 []

<cluster-1-diff-classifier-avg-abs.png, id=101, 334.24875pt x 209.28188pt>
File: cluster-1-diff-classifier-avg-abs.png Graphic file (type png)

<use cluster-1-diff-classifier-avg-abs.png>
Package pdftex.def Info: cluster-1-diff-classifier-avg-abs.png used on input li
ne 305.
(pdftex.def)             Requested size: 231.26378pt x 144.8038pt.

Overfull \hbox (130.08621pt too wide) in paragraph at lines 306--306
 [] 
 []


<cluster-1-diff-classifier-relative-abs.png, id=102, 334.24875pt x 209.28188pt>
File: cluster-1-diff-classifier-relative-abs.png Graphic file (type png)
<use cluster-1-diff-classifier-relative-abs.png>
Package pdftex.def Info: cluster-1-diff-classifier-relative-abs.png used on inp
ut line 311.
(pdftex.def)             Requested size: 231.26378pt x 144.8038pt.

Overfull \hbox (130.08621pt too wide) in paragraph at lines 312--312
 [] 
 []

<cluster-2-diff-classifier-avg-abs.png, id=103, 334.24875pt x 209.28188pt>
File: cluster-2-diff-classifier-avg-abs.png Graphic file (type png)

<use cluster-2-diff-classifier-avg-abs.png>
Package pdftex.def Info: cluster-2-diff-classifier-avg-abs.png used on input li
ne 318.
(pdftex.def)             Requested size: 231.26378pt x 144.8038pt.

Overfull \hbox (130.08621pt too wide) in paragraph at lines 319--319
 [] 
 []


<cluster-2-diff-classifier-relative-abs.png, id=104, 334.24875pt x 209.28188pt>
File: cluster-2-diff-classifier-relative-abs.png Graphic file (type png)
<use cluster-2-diff-classifier-relative-abs.png>
Package pdftex.def Info: cluster-2-diff-classifier-relative-abs.png used on inp
ut line 324.
(pdftex.def)             Requested size: 231.26378pt x 144.8038pt.

Overfull \hbox (130.08621pt too wide) in paragraph at lines 325--325
 [] 
 []

<cluster-3-diff-classifier-avg-abs.png, id=105, 334.24875pt x 209.28188pt>
File: cluster-3-diff-classifier-avg-abs.png Graphic file (type png)

<use cluster-3-diff-classifier-avg-abs.png>
Package pdftex.def Info: cluster-3-diff-classifier-avg-abs.png used on input li
ne 331.
(pdftex.def)             Requested size: 231.26378pt x 144.8038pt.

Overfull \hbox (130.08621pt too wide) in paragraph at lines 332--332
 [] 
 []


<cluster-3-diff-classifier-relative-abs.png, id=106, 334.24875pt x 209.28188pt>
File: cluster-3-diff-classifier-relative-abs.png Graphic file (type png)
<use cluster-3-diff-classifier-relative-abs.png>
Package pdftex.def Info: cluster-3-diff-classifier-relative-abs.png used on inp
ut line 337.
(pdftex.def)             Requested size: 231.26378pt x 144.8038pt.

Overfull \hbox (130.08621pt too wide) in paragraph at lines 338--338
 [] 
 []


LaTeX Warning: Float too large for page by 193.63788pt on input line 341.


LaTeX Warning: `!h' float specifier changed to `!ht'.

<relativeErrorIndivPredictor.png, id=107, 421.575pt x 316.18124pt>
File: relativeErrorIndivPredictor.png Graphic file (type png)

<use relativeErrorIndivPredictor.png>
Package pdftex.def Info: relativeErrorIndivPredictor.png used on input line 378
.
(pdftex.def)             Requested size: 462.52756pt x 346.90308pt.
 [19 <./diff-szied-kmeansAbsErroPercent.png (PNG copy)> <./diff-szied-kmeansRel
ativeAbsErroPercent.png (PNG copy)>]
[20 <./cluster-0-diff-classifier-avg-abs.png (PNG copy)> <./cluster-0-diff-clas
sifier-relative-abs.png (PNG copy)> <./cluster-1-diff-classifier-avg-abs.png (P
NG copy)> <./cluster-1-diff-classifier-relative-abs.png (PNG copy)> <./cluster-
2-diff-classifier-avg-abs.png (PNG copy)> <./cluster-2-diff-classifier-relative
-abs.png (PNG copy)> <./cluster-3-diff-classifier-avg-abs.png (PNG copy)> <./cl
uster-3-diff-classifier-relative-abs.png (PNG copy)>]

LaTeX Warning: `!h' float specifier changed to `!ht'.

<final-avg-abs-error.png, id=115, 344.78813pt x 213.79875pt>
File: final-avg-abs-error.png Graphic file (type png)

<use final-avg-abs-error.png>
Package pdftex.def Info: final-avg-abs-error.png used on input line 391.
(pdftex.def)             Requested size: 231.26378pt x 143.40427pt.

<final-relative-abs-error.png, id=116, 344.78813pt x 213.79875pt>
File: final-relative-abs-error.png Graphic file (type png)

<use final-relative-abs-error.png>
Package pdftex.def Info: final-relative-abs-error.png used on input line 397.
(pdftex.def)             Requested size: 231.26378pt x 143.40427pt.

Overfull \hbox (130.08621pt too wide) in paragraph at lines 398--398
 [] 
 []


LaTeX Warning: `!h' float specifier changed to `!ht'.

) [21]

LaTeX Warning: Text page 22 contains only floats.

[22 <./relativeErrorIndivPredictor.png (PNG copy)> <./final-avg-abs-error.png (
PNG copy)> <./final-relative-abs-error.png (PNG copy)>] (thesis.bbl
Missing character: There is no â in font cmr12!
Missing character: There is no € in font cmr12!
Missing character: There is no ” in font cmr12!
 [23


]
Missing character: There is no â in font cmr12!
Missing character: There is no € in font cmr12!
Missing character: There is no ™ in font cmr12!

[24]) [25] (thesis.aux (abstract.aux) (null.aux) (chapter2.aux) (chapter3.aux)
(chapter4.aux) (chapter5.aux)) ) 
Here is how much of TeX's memory you used:
 1751 strings out of 493634
 25550 string characters out of 3139732
 90940 words of memory out of 3000000
 5082 multiletter control sequences out of 15000+200000
 8847 words of font info for 31 fonts, out of 3000000 for 9000
 1025 hyphenation exceptions out of 8191
 24i,7n,19p,1911b,558s stack positions out of 5000i,500n,10000p,200000b,50000s
<C:/Users/Saif/Desktop/software/miktex/fonts/ty
pe1/public/amsfonts/cm/cmbx12.pfb><C:/Users/Saif/Desktop/software/miktex/fonts/
type1/public/amsfonts/cm/cmmi12.pfb><C:/Users/Saif/Desktop/software/miktex/font
s/type1/public/amsfonts/cm/cmmi8.pfb><C:/Users/Saif/Desktop/software/miktex/fon
ts/type1/public/amsfonts/cm/cmr10.pfb><C:/Users/Saif/Desktop/software/miktex/fo
nts/type1/public/amsfonts/cm/cmr12.pfb><C:/Users/Saif/Desktop/software/miktex/f
onts/type1/public/amsfonts/cm/cmsy10.pfb><C:/Users/Saif/Desktop/software/miktex
/fonts/type1/public/amsfonts/cm/cmti12.pfb>
Output written on thesis.pdf (31 pages, 478326 bytes).
PDF statistics:
 156 PDF objects out of 1000 (max. 8388607)
 0 named destinations out of 1000 (max. 500000)
 121 words of extra memory for PDF output out of 10000 (max. 10000000)

